# JRE version: OpenJDK Runtime Environment Temurin-21.0.12.1+1 (21.0.12.1+1) (build 21.0.12.1+1-LTS)
# Java VM: OpenJDK 64-Bit Server VM Temurin-21.0.12.1+1 (21.0.12.1+1-LTS, mixed mode, sharing, tiered, compressed oops, compressed class ptrs, g1 gc, windows-amd64)
GC Precious Log:
 CardTable entry size: 512
 Card Set container configuration: InlinePtr #cards 4 size 8 Array Of Cards #cards 32 size 80 Howl #buckets 8 coarsen threshold 7372 Howl Bitmap #cards 1024 size 144 coarsen threshold 921 Card regions per heap region 1 cards per card region 8192
 CPUs: 16 total, 16 available
 Memory: 15711M
 Large Page Support: Disabled
 NUMA Support: Disabled
 Compressed Oops: Enabled (Zero based)
 Heap Region Size: 4M
 Heap Min Capacity: 8M
 Heap Initial Capacity: 248M
 Heap Max Capacity: 8G
 Pre-touch: Disabled
 Parallel Workers: 13
 Concurrent Workers: 3
 Concurrent Refinement Workers: 13
 Periodic GC: Disabled
Heap:
 garbage-first heap   total 106496K, used 60429K [0x0000000600000000, 0x0000000800000000)
  region size 4096K, 11 young (45056K), 2 survivors (8192K)
 Metaspace       used 32886K, committed 34240K, reserved 1114112K
  class space    used 4857K, committed 5504K, reserved 1048576K
GC Heap History (10 events):
Event: 7.038 GC heap before
{Heap before GC invocations=0 (full 0):
 garbage-first heap   total 253952K, used 20480K [0x0000000600000000, 0x0000000800000000)
  region size 4096K, 5 young (20480K), 0 survivors (0K)
 Metaspace       used 869K, committed 1024K, reserved 1114112K
  class space    used 70K, committed 128K, reserved 1048576K
}
Event: 7.065 GC heap after
{Heap after GC invocations=1 (full 0):
 garbage-first heap   total 253952K, used 1540K [0x0000000600000000, 0x0000000800000000)
  region size 4096K, 1 young (4096K), 1 survivors (4096K)
 Metaspace       used 869K, committed 1024K, reserved 1114112K
  class space    used 70K, committed 128K, reserved 1048576K
}
Event: 15.200 GC heap before
{Heap before GC invocations=1 (full 0):
 garbage-first heap   total 253952K, used 42500K [0x0000000600000000, 0x0000000800000000)
  region size 4096K, 11 young (45056K), 1 survivors (4096K)
 Metaspace       used 4626K, committed 4864K, reserved 1114112K
  class space    used 584K, committed 704K, reserved 1048576K
}
Event: 15.210 GC heap after
{Heap after GC invocations=2 (full 0):
 garbage-first heap   total 253952K, used 11733K [0x0000000600000000, 0x0000000800000000)
  region size 4096K, 2 young (8192K), 2 survivors (8192K)
 Metaspace       used 4626K, committed 4864K, reserved 1114112K
  class space    used 584K, committed 704K, reserved 1048576K
}
Event: 92.635 GC heap before
{Heap before GC invocations=2 (full 0):
 garbage-first heap   total 253952K, used 150997K [0x0000000600000000, 0x0000000800000000)
  region size 4096K, 37 young (151552K), 2 survivors (8192K)
 Metaspace       used 19692K, committed 20224K, reserved 1114112K
  class space    used 2641K, committed 2880K, reserved 1048576K
}
Event: 94.042 GC heap after
{Heap after GC invocations=3 (full 0):
 garbage-first heap   total 253952K, used 22937K [0x0000000600000000, 0x0000000800000000)
  region size 4096K, 5 young (20480K), 5 survivors (20480K)
 Metaspace       used 19692K, committed 20224K, reserved 1114112K
  class space    used 2641K, committed 2880K, reserved 1048576K
}
Event: 94.593 GC heap before
{Heap before GC invocations=3 (full 0):
 garbage-first heap   total 253952K, used 31129K [0x0000000600000000, 0x0000000800000000)
  region size 4096K, 8 young (32768K), 5 survivors (20480K)
 Metaspace       used 20883K, committed 21504K, reserved 1114112K
  class space    used 2840K, committed 3136K, reserved 1048576K
}
Event: 94.616 GC heap after
{Heap after GC invocations=4 (full 0):
 garbage-first heap   total 253952K, used 24999K [0x0000000600000000, 0x0000000800000000)
  region size 4096K, 1 young (4096K), 1 survivors (4096K)
 Metaspace       used 20883K, committed 21504K, reserved 1114112K
  class space    used 2840K, committed 3136K, reserved 1048576K
}
Event: 101.853 GC heap before
{Heap before GC invocations=5 (full 0):
 garbage-first heap   total 98304K, used 90535K [0x0000000600000000, 0x0000000800000000)
  region size 4096K, 18 young (73728K), 1 survivors (4096K)
 Metaspace       used 29402K, committed 30528K, reserved 1114112K
  class space    used 4252K, committed 4800K, reserved 1048576K
}
Event: 101.860 GC heap after
{Heap after GC invocations=6 (full 0):
 garbage-first heap   total 106496K, used 27661K [0x0000000600000000, 0x0000000800000000)
  region size 4096K, 2 young (8192K), 2 survivors (8192K)
 Metaspace       used 29402K, committed 30528K, reserved 1114112K
  class space    used 4252K, committed 4800K, reserved 1048576K
}

