# JRE version: OpenJDK Runtime Environment Temurin-21.0.12.1+1 (21.0.12.1+1) (build 21.0.12.1+1-LTS)
# Java VM: OpenJDK 64-Bit Server VM Temurin-21.0.12.1+1 (21.0.12.1+1-LTS, mixed mode, sharing, tiered, compressed oops, compressed class ptrs, g1 gc, windows-amd64)
GC Precious Log:
 CardTable entry size: 512
 Card Set container configuration: InlinePtr #cards 4 size 8 Array Of Cards #cards 32 size 80 Howl #buckets 8 coarsen threshold 7372 Howl Bitmap #cards 1024 size 144 coarsen threshold 921 Card regions per heap region 1 cards per card region 8192
 CPUs: 16 total, 16 available
 Memory: 15711M
 Large Page Support: Disabled
 NUMA Support: Disabled
 Compressed Oops: Enabled (Zero based)
 Heap Region Size: 4M
 Heap Min Capacity: 8M
 Heap Initial Capacity: 248M
 Heap Max Capacity: 8G
 Pre-touch: Disabled
 Parallel Workers: 13
 Concurrent Workers: 3
 Concurrent Refinement Workers: 13
 Periodic GC: Disabled
Heap:
 garbage-first heap   total 106496K, used 51544K [0x0000000600000000, 0x0000000800000000)
  region size 4096K, 6 young (24576K), 2 survivors (8192K)
 Metaspace       used 49337K, committed 51200K, reserved 1114112K
  class space    used 7306K, committed 8192K, reserved 1048576K
GC Heap History (20 events):
Event: 26.834 GC heap before
{Heap before GC invocations=1 (full 0):
 garbage-first heap   total 253952K, used 46636K [0x0000000600000000, 0x0000000800000000)
  region size 4096K, 11 young (45056K), 1 survivors (4096K)
 Metaspace       used 4630K, committed 4864K, reserved 1114112K
  class space    used 583K, committed 704K, reserved 1048576K
}
Event: 26.846 GC heap after
{Heap after GC invocations=2 (full 0):
 garbage-first heap   total 253952K, used 11824K [0x0000000600000000, 0x0000000800000000)
  region size 4096K, 2 young (8192K), 2 survivors (8192K)
 Metaspace       used 4630K, committed 4864K, reserved 1114112K
  class space    used 583K, committed 704K, reserved 1048576K
}
Event: 110.650 GC heap before
{Heap before GC invocations=2 (full 0):
 garbage-first heap   total 253952K, used 151088K [0x0000000600000000, 0x0000000800000000)
  region size 4096K, 37 young (151552K), 2 survivors (8192K)
 Metaspace       used 19209K, committed 19776K, reserved 1114112K
  class space    used 2564K, committed 2816K, reserved 1048576K
}
Event: 111.962 GC heap after
{Heap after GC invocations=3 (full 0):
 garbage-first heap   total 253952K, used 22791K [0x0000000600000000, 0x0000000800000000)
  region size 4096K, 5 young (20480K), 5 survivors (20480K)
 Metaspace       used 19209K, committed 19776K, reserved 1114112K
  class space    used 2564K, committed 2816K, reserved 1048576K
}
Event: 112.647 GC heap before
{Heap before GC invocations=3 (full 0):
 garbage-first heap   total 253952K, used 35079K [0x0000000600000000, 0x0000000800000000)
  region size 4096K, 9 young (36864K), 5 survivors (20480K)
 Metaspace       used 20849K, committed 21504K, reserved 1114112K
  class space    used 2837K, committed 3136K, reserved 1048576K
}
Event: 112.666 GC heap after
{Heap after GC invocations=4 (full 0):
 garbage-first heap   total 253952K, used 24727K [0x0000000600000000, 0x0000000800000000)
  region size 4096K, 1 young (4096K), 1 survivors (4096K)
 Metaspace       used 20849K, committed 21504K, reserved 1114112K
  class space    used 2837K, committed 3136K, reserved 1048576K
}
Event: 123.063 GC heap before
{Heap before GC invocations=5 (full 0):
 garbage-first heap   total 98304K, used 90263K [0x0000000600000000, 0x0000000800000000)
  region size 4096K, 18 young (73728K), 1 survivors (4096K)
 Metaspace       used 29137K, committed 30208K, reserved 1114112K
  class space    used 4209K, committed 4736K, reserved 1048576K
}
Event: 123.073 GC heap after
{Heap after GC invocations=6 (full 0):
 garbage-first heap   total 106496K, used 27345K [0x0000000600000000, 0x0000000800000000)
  region size 4096K, 2 young (8192K), 2 survivors (8192K)
 Metaspace       used 29137K, committed 30208K, reserved 1114112K
  class space    used 4209K, committed 4736K, reserved 1048576K
}
Event: 337.913 GC heap before
{Heap before GC invocations=6 (full 0):
 garbage-first heap   total 106496K, used 80593K [0x0000000600000000, 0x0000000800000000)
  region size 4096K, 15 young (61440K), 2 survivors (8192K)
 Metaspace       used 32889K, committed 34112K, reserved 1114112K
  class space    used 4836K, committed 5440K, reserved 1048576K
}
Event: 338.204 GC heap after
{Heap after GC invocations=7 (full 0):
 garbage-first heap   total 106496K, used 28183K [0x0000000600000000, 0x0000000800000000)
  region size 4096K, 2 young (8192K), 2 survivors (8192K)
 Metaspace       used 32889K, committed 34112K, reserved 1114112K
  class space    used 4836K, committed 5440K, reserved 1048576K
}
Event: 537.196 GC heap before
{Heap before GC invocations=7 (full 0):
 garbage-first heap   total 106496K, used 52759K [0x0000000600000000, 0x0000000800000000)
  region size 4096K, 10 young (40960K), 2 survivors (8192K)
 Metaspace       used 34642K, committed 35968K, reserved 1114112K
  class space    used 5038K, committed 5696K, reserved 1048576K
}
Event: 537.512 GC heap after
{Heap after GC invocations=8 (full 0):
 garbage-first heap   total 106496K, used 29274K [0x0000000600000000, 0x0000000800000000)
  region size 4096K, 1 young (4096K), 1 survivors (4096K)
 Metaspace       used 34642K, committed 35968K, reserved 1114112K
  class space    used 5038K, committed 5696K, reserved 1048576K
}
Event: 568.336 GC heap before
{Heap before GC invocations=9 (full 0):
 garbage-first heap   total 106496K, used 86618K [0x0000000600000000, 0x0000000800000000)
  region size 4096K, 15 young (61440K), 1 survivors (4096K)
 Metaspace       used 38992K, committed 40512K, reserved 1114112K
  class space    used 5631K, committed 6400K, reserved 1048576K
}
Event: 568.354 GC heap after
{Heap after GC invocations=10 (full 0):
 garbage-first heap   total 106496K, used 32755K [0x0000000600000000, 0x0000000800000000)
  region size 4096K, 2 young (8192K), 2 survivors (8192K)
 Metaspace       used 38992K, committed 40512K, reserved 1114112K
  class space    used 5631K, committed 6400K, reserved 1048576K
}
Event: 587.400 GC heap before
{Heap before GC invocations=10 (full 0):
 garbage-first heap   total 106496K, used 81907K [0x0000000600000000, 0x0000000800000000)
  region size 4096K, 15 young (61440K), 2 survivors (8192K)
 Metaspace       used 42020K, committed 43712K, reserved 1114112K
  class space    used 6133K, committed 6976K, reserved 1048576K
}
Event: 587.414 GC heap after
{Heap after GC invocations=11 (full 0):
 garbage-first heap   total 106496K, used 34488K [0x0000000600000000, 0x0000000800000000)
  region size 4096K, 2 young (8192K), 2 survivors (8192K)
 Metaspace       used 42020K, committed 43712K, reserved 1114112K
  class space    used 6133K, committed 6976K, reserved 1048576K
}
Event: 674.333 GC heap before
{Heap before GC invocations=11 (full 0):
 garbage-first heap   total 106496K, used 87736K [0x0000000600000000, 0x0000000800000000)
  region size 4096K, 15 young (61440K), 2 survivors (8192K)
 Metaspace       used 45401K, committed 47168K, reserved 1114112K
  class space    used 6694K, committed 7552K, reserved 1048576K
}
Event: 674.375 GC heap after
{Heap after GC invocations=12 (full 0):
 garbage-first heap   total 106496K, used 36682K [0x0000000600000000, 0x0000000800000000)
  region size 4096K, 2 young (8192K), 2 survivors (8192K)
 Metaspace       used 45401K, committed 47168K, reserved 1114112K
  class space    used 6694K, committed 7552K, reserved 1048576K
}
Event: 749.333 GC heap before
{Heap before GC invocations=12 (full 0):
 garbage-first heap   total 106496K, used 89930K [0x0000000600000000, 0x0000000800000000)
  region size 4096K, 15 young (61440K), 2 survivors (8192K)
 Metaspace       used 49175K, committed 50944K, reserved 1114112K
  class space    used 7279K, committed 8128K, reserved 1048576K
}
Event: 749.357 GC heap after
{Heap after GC invocations=13 (full 0):
 garbage-first heap   total 106496K, used 39256K [0x0000000600000000, 0x0000000800000000)
  region size 4096K, 2 young (8192K), 2 survivors (8192K)
 Metaspace       used 49175K, committed 50944K, reserved 1114112K
  class space    used 7279K, committed 8128K, reserved 1048576K
}

