# JRE version: OpenJDK Runtime Environment Temurin-21.0.12.1+1 (21.0.12.1+1) (build 21.0.12.1+1-LTS)
# Java VM: OpenJDK 64-Bit Server VM Temurin-21.0.12.1+1 (21.0.12.1+1-LTS, mixed mode, sharing, tiered, compressed oops, compressed class ptrs, g1 gc, windows-amd64)
GC Precious Log:
 CardTable entry size: 512
 Card Set container configuration: InlinePtr #cards 4 size 8 Array Of Cards #cards 32 size 80 Howl #buckets 8 coarsen threshold 7372 Howl Bitmap #cards 1024 size 144 coarsen threshold 921 Card regions per heap region 1 cards per card region 8192
 CPUs: 16 total, 16 available
 Memory: 15711M
 Large Page Support: Disabled
 NUMA Support: Disabled
 Compressed Oops: Enabled (Zero based)
 Heap Region Size: 4M
 Heap Min Capacity: 8M
 Heap Initial Capacity: 248M
 Heap Max Capacity: 8G
 Pre-touch: Disabled
 Parallel Workers: 13
 Concurrent Workers: 3
 Concurrent Refinement Workers: 13
 Periodic GC: Disabled
Heap:
 garbage-first heap   total 106496K, used 57566K [0x0000000600000000, 0x0000000800000000)
  region size 4096K, 9 young (36864K), 2 survivors (8192K)
 Metaspace       used 40917K, committed 42560K, reserved 1114112K
  class space    used 5946K, committed 6720K, reserved 1048576K
GC Heap History (16 events):
Event: 32.746 GC heap before
{Heap before GC invocations=0 (full 0):
 garbage-first heap   total 253952K, used 20480K [0x0000000600000000, 0x0000000800000000)
  region size 4096K, 5 young (20480K), 0 survivors (0K)
 Metaspace       used 874K, committed 1024K, reserved 1114112K
  class space    used 70K, committed 128K, reserved 1048576K
}
Event: 33.902 GC heap after
{Heap after GC invocations=1 (full 0):
 garbage-first heap   total 253952K, used 1497K [0x0000000600000000, 0x0000000800000000)
  region size 4096K, 1 young (4096K), 1 survivors (4096K)
 Metaspace       used 874K, committed 1024K, reserved 1114112K
  class space    used 70K, committed 128K, reserved 1048576K
}
Event: 86.407 GC heap before
{Heap before GC invocations=1 (full 0):
 garbage-first heap   total 253952K, used 46553K [0x0000000600000000, 0x0000000800000000)
  region size 4096K, 11 young (45056K), 1 survivors (4096K)
 Metaspace       used 4633K, committed 4864K, reserved 1114112K
  class space    used 586K, committed 704K, reserved 1048576K
}
Event: 86.433 GC heap after
{Heap after GC invocations=2 (full 0):
 garbage-first heap   total 253952K, used 11742K [0x0000000600000000, 0x0000000800000000)
  region size 4096K, 2 young (8192K), 2 survivors (8192K)
 Metaspace       used 4633K, committed 4864K, reserved 1114112K
  class space    used 586K, committed 704K, reserved 1048576K
}
Event: 338.687 GC heap before
{Heap before GC invocations=2 (full 0):
 garbage-first heap   total 253952K, used 155102K [0x0000000600000000, 0x0000000800000000)
  region size 4096K, 37 young (151552K), 2 survivors (8192K)
 Metaspace       used 20007K, committed 20672K, reserved 1114112K
  class space    used 2698K, committed 3008K, reserved 1048576K
}
Event: 339.825 GC heap after
{Heap after GC invocations=3 (full 0):
 garbage-first heap   total 253952K, used 23166K [0x0000000600000000, 0x0000000800000000)
  region size 4096K, 5 young (20480K), 5 survivors (20480K)
 Metaspace       used 20007K, committed 20672K, reserved 1114112K
  class space    used 2698K, committed 3008K, reserved 1048576K
}
Event: 342.794 GC heap before
{Heap before GC invocations=3 (full 0):
 garbage-first heap   total 253952K, used 27262K [0x0000000600000000, 0x0000000800000000)
  region size 4096K, 7 young (28672K), 5 survivors (20480K)
 Metaspace       used 20856K, committed 21504K, reserved 1114112K
  class space    used 2833K, committed 3136K, reserved 1048576K
}
Event: 342.828 GC heap after
{Heap after GC invocations=4 (full 0):
 garbage-first heap   total 253952K, used 25056K [0x0000000600000000, 0x0000000800000000)
  region size 4096K, 1 young (4096K), 1 survivors (4096K)
 Metaspace       used 20856K, committed 21504K, reserved 1114112K
  class space    used 2833K, committed 3136K, reserved 1048576K
}
Event: 356.708 GC heap before
{Heap before GC invocations=5 (full 0):
 garbage-first heap   total 98304K, used 94688K [0x0000000600000000, 0x0000000800000000)
  region size 4096K, 18 young (73728K), 1 survivors (4096K)
 Metaspace       used 29159K, committed 30272K, reserved 1114112K
  class space    used 4201K, committed 4736K, reserved 1048576K
}
Event: 356.724 GC heap after
{Heap after GC invocations=6 (full 0):
 garbage-first heap   total 106496K, used 27160K [0x0000000600000000, 0x0000000800000000)
  region size 4096K, 2 young (8192K), 2 survivors (8192K)
 Metaspace       used 29159K, committed 30272K, reserved 1114112K
  class space    used 4201K, committed 4736K, reserved 1048576K
}
Event: 483.247 GC heap before
{Heap before GC invocations=6 (full 0):
 garbage-first heap   total 106496K, used 80408K [0x0000000600000000, 0x0000000800000000)
  region size 4096K, 15 young (61440K), 2 survivors (8192K)
 Metaspace       used 33529K, committed 34816K, reserved 1114112K
  class space    used 4942K, committed 5568K, reserved 1048576K
}
Event: 483.513 GC heap after
{Heap after GC invocations=7 (full 0):
 garbage-first heap   total 106496K, used 28586K [0x0000000600000000, 0x0000000800000000)
  region size 4096K, 2 young (8192K), 2 survivors (8192K)
 Metaspace       used 33529K, committed 34816K, reserved 1114112K
  class space    used 4942K, committed 5568K, reserved 1048576K
}
Event: 486.182 GC heap before
{Heap before GC invocations=7 (full 0):
 garbage-first heap   total 106496K, used 28586K [0x0000000600000000, 0x0000000800000000)
  region size 4096K, 4 young (16384K), 2 survivors (8192K)
 Metaspace       used 34692K, committed 35968K, reserved 1114112K
  class space    used 5035K, committed 5632K, reserved 1048576K
}
Event: 486.205 GC heap after
{Heap after GC invocations=8 (full 0):
 garbage-first heap   total 106496K, used 29172K [0x0000000600000000, 0x0000000800000000)
  region size 4096K, 1 young (4096K), 1 survivors (4096K)
 Metaspace       used 34692K, committed 35968K, reserved 1114112K
  class space    used 5035K, committed 5632K, reserved 1048576K
}
Event: 501.867 GC heap before
{Heap before GC invocations=9 (full 0):
 garbage-first heap   total 106496K, used 86516K [0x0000000600000000, 0x0000000800000000)
  region size 4096K, 15 young (61440K), 1 survivors (4096K)
 Metaspace       used 38990K, committed 40448K, reserved 1114112K
  class space    used 5626K, committed 6336K, reserved 1048576K
}
Event: 501.875 GC heap after
{Heap after GC invocations=10 (full 0):
 garbage-first heap   total 106496K, used 32990K [0x0000000600000000, 0x0000000800000000)
  region size 4096K, 2 young (8192K), 2 survivors (8192K)
 Metaspace       used 38990K, committed 40448K, reserved 1114112K
  class space    used 5626K, committed 6336K, reserved 1048576K
}

