# JRE version: OpenJDK Runtime Environment Temurin-21.0.12.1+1 (21.0.12.1+1) (build 21.0.12.1+1-LTS)
# Java VM: OpenJDK 64-Bit Server VM Temurin-21.0.12.1+1 (21.0.12.1+1-LTS, mixed mode, sharing, tiered, compressed oops, compressed class ptrs, g1 gc, windows-amd64)
GC Precious Log:
 CardTable entry size: 512
 Card Set container configuration: InlinePtr #cards 4 size 8 Array Of Cards #cards 32 size 80 Howl #buckets 8 coarsen threshold 7372 Howl Bitmap #cards 1024 size 144 coarsen threshold 921 Card regions per heap region 1 cards per card region 8192
 CPUs: 16 total, 16 available
 Memory: 15711M
 Large Page Support: Disabled
 NUMA Support: Disabled
 Compressed Oops: Enabled (Zero based)
 Heap Region Size: 4M
 Heap Min Capacity: 8M
 Heap Initial Capacity: 248M
 Heap Max Capacity: 8G
 Pre-touch: Disabled
 Parallel Workers: 13
 Concurrent Workers: 3
 Concurrent Refinement Workers: 13
 Periodic GC: Disabled
Heap:
 garbage-first heap   total 106496K, used 52913K [0x0000000600000000, 0x0000000800000000)
  region size 4096K, 5 young (20480K), 1 survivors (4096K)
 Metaspace       used 49912K, committed 51776K, reserved 1114112K
  class space    used 7357K, committed 8256K, reserved 1048576K
GC Heap History (20 events):
Event: 130.362 GC heap before
{Heap before GC invocations=2 (full 0):
 garbage-first heap   total 253952K, used 150840K [0x0000000600000000, 0x0000000800000000)
  region size 4096K, 37 young (151552K), 2 survivors (8192K)
 Metaspace       used 19125K, committed 19712K, reserved 1114112K
  class space    used 2542K, committed 2816K, reserved 1048576K
}
Event: 131.819 GC heap after
{Heap after GC invocations=3 (full 0):
 garbage-first heap   total 253952K, used 22578K [0x0000000600000000, 0x0000000800000000)
  region size 4096K, 5 young (20480K), 5 survivors (20480K)
 Metaspace       used 19125K, committed 19712K, reserved 1114112K
  class space    used 2542K, committed 2816K, reserved 1048576K
}
Event: 132.840 GC heap before
{Heap before GC invocations=3 (full 0):
 garbage-first heap   total 253952K, used 34866K [0x0000000600000000, 0x0000000800000000)
  region size 4096K, 9 young (36864K), 5 survivors (20480K)
 Metaspace       used 20905K, committed 21504K, reserved 1114112K
  class space    used 2845K, committed 3136K, reserved 1048576K
}
Event: 132.862 GC heap after
{Heap after GC invocations=4 (full 0):
 garbage-first heap   total 253952K, used 24455K [0x0000000600000000, 0x0000000800000000)
  region size 4096K, 1 young (4096K), 1 survivors (4096K)
 Metaspace       used 20905K, committed 21504K, reserved 1114112K
  class space    used 2845K, committed 3136K, reserved 1048576K
}
Event: 162.311 GC heap before
{Heap before GC invocations=5 (full 0):
 garbage-first heap   total 98304K, used 94087K [0x0000000600000000, 0x0000000800000000)
  region size 4096K, 18 young (73728K), 1 survivors (4096K)
 Metaspace       used 29146K, committed 30272K, reserved 1114112K
  class space    used 4210K, committed 4736K, reserved 1048576K
}
Event: 162.318 GC heap after
{Heap after GC invocations=6 (full 0):
 garbage-first heap   total 106496K, used 26924K [0x0000000600000000, 0x0000000800000000)
  region size 4096K, 2 young (8192K), 2 survivors (8192K)
 Metaspace       used 29146K, committed 30272K, reserved 1114112K
  class space    used 4210K, committed 4736K, reserved 1048576K
}
Event: 376.880 GC heap before
{Heap before GC invocations=6 (full 0):
 garbage-first heap   total 106496K, used 80172K [0x0000000600000000, 0x0000000800000000)
  region size 4096K, 15 young (61440K), 2 survivors (8192K)
 Metaspace       used 32876K, committed 34176K, reserved 1114112K
  class space    used 4838K, committed 5440K, reserved 1048576K
}
Event: 377.087 GC heap after
{Heap after GC invocations=7 (full 0):
 garbage-first heap   total 106496K, used 28665K [0x0000000600000000, 0x0000000800000000)
  region size 4096K, 2 young (8192K), 2 survivors (8192K)
 Metaspace       used 32876K, committed 34176K, reserved 1114112K
  class space    used 4838K, committed 5440K, reserved 1048576K
}
Event: 479.169 GC heap before
{Heap before GC invocations=7 (full 0):
 garbage-first heap   total 106496K, used 77817K [0x0000000600000000, 0x0000000800000000)
  region size 4096K, 15 young (61440K), 2 survivors (8192K)
 Metaspace       used 38717K, committed 40256K, reserved 1114112K
  class space    used 5578K, committed 6336K, reserved 1048576K
}
Event: 479.234 GC heap after
{Heap after GC invocations=8 (full 0):
 garbage-first heap   total 106496K, used 32502K [0x0000000600000000, 0x0000000800000000)
  region size 4096K, 2 young (8192K), 2 survivors (8192K)
 Metaspace       used 38717K, committed 40256K, reserved 1114112K
  class space    used 5578K, committed 6336K, reserved 1048576K
}
Event: 524.034 GC heap before
{Heap before GC invocations=8 (full 0):
 garbage-first heap   total 106496K, used 77558K [0x0000000600000000, 0x0000000800000000)
  region size 4096K, 14 young (57344K), 2 survivors (8192K)
 Metaspace       used 40173K, committed 41728K, reserved 1114112K
  class space    used 5820K, committed 6592K, reserved 1048576K
}
Event: 524.063 GC heap after
{Heap after GC invocations=9 (full 0):
 garbage-first heap   total 106496K, used 33621K [0x0000000600000000, 0x0000000800000000)
  region size 4096K, 2 young (8192K), 2 survivors (8192K)
 Metaspace       used 40173K, committed 41728K, reserved 1114112K
  class space    used 5820K, committed 6592K, reserved 1048576K
}
Event: 567.026 GC heap before
{Heap before GC invocations=10 (full 0):
 garbage-first heap   total 106496K, used 86869K [0x0000000600000000, 0x0000000800000000)
  region size 4096K, 15 young (61440K), 2 survivors (8192K)
 Metaspace       used 42548K, committed 44224K, reserved 1114112K
  class space    used 6222K, committed 7040K, reserved 1048576K
}
Event: 567.051 GC heap after
{Heap after GC invocations=11 (full 0):
 garbage-first heap   total 106496K, used 35409K [0x0000000600000000, 0x0000000800000000)
  region size 4096K, 1 young (4096K), 1 survivors (4096K)
 Metaspace       used 42548K, committed 44224K, reserved 1114112K
  class space    used 6222K, committed 7040K, reserved 1048576K
}
Event: 642.543 GC heap before
{Heap before GC invocations=11 (full 0):
 garbage-first heap   total 106496K, used 92753K [0x0000000600000000, 0x0000000800000000)
  region size 4096K, 15 young (61440K), 1 survivors (4096K)
 Metaspace       used 47129K, committed 48960K, reserved 1114112K
  class space    used 6960K, committed 7872K, reserved 1048576K
}
Event: 642.638 GC heap after
{Heap after GC invocations=12 (full 0):
 garbage-first heap   total 106496K, used 37188K [0x0000000600000000, 0x0000000800000000)
  region size 4096K, 2 young (8192K), 2 survivors (8192K)
 Metaspace       used 47129K, committed 48960K, reserved 1114112K
  class space    used 6960K, committed 7872K, reserved 1048576K
}
Event: 692.513 GC heap before
{Heap before GC invocations=12 (full 0):
 garbage-first heap   total 106496K, used 90436K [0x0000000600000000, 0x0000000800000000)
  region size 4096K, 15 young (61440K), 2 survivors (8192K)
 Metaspace       used 49724K, committed 51584K, reserved 1114112K
  class space    used 7357K, committed 8256K, reserved 1048576K
}
Event: 692.549 GC heap after
{Heap after GC invocations=13 (full 0):
 garbage-first heap   total 106496K, used 39565K [0x0000000600000000, 0x0000000800000000)
  region size 4096K, 2 young (8192K), 2 survivors (8192K)
 Metaspace       used 49724K, committed 51584K, reserved 1114112K
  class space    used 7357K, committed 8256K, reserved 1048576K
}
Event: 784.603 GC heap before
{Heap before GC invocations=13 (full 0):
 garbage-first heap   total 106496K, used 88717K [0x0000000600000000, 0x0000000800000000)
  region size 4096K, 15 young (61440K), 2 survivors (8192K)
 Metaspace       used 49892K, committed 51776K, reserved 1114112K
  class space    used 7357K, committed 8256K, reserved 1048576K
}
Event: 784.664 GC heap after
{Heap after GC invocations=14 (full 0):
 garbage-first heap   total 106496K, used 40625K [0x0000000600000000, 0x0000000800000000)
  region size 4096K, 1 young (4096K), 1 survivors (4096K)
 Metaspace       used 49892K, committed 51776K, reserved 1114112K
  class space    used 7357K, committed 8256K, reserved 1048576K
}

